android-app/customer/ChorHair/proguard/seeds.txt
com.baidu.location.ah$a
com.baidu.location.ah$a: com.baidu.location.ah a
com.baidu.location.ah$a: ah$a(com.baidu.location.ah)
com.baidu.location.ah$a: void run()
com.baidu.location.ah$a: ah$a(com.baidu.location.ah,com.baidu.location.ah$1)
com.baidu.location.ai
com.baidu.location.ai: com.baidu.location.ai hb
com.baidu.location.ai: android.os.Handler hc
com.baidu.location.ai: boolean ha
com.baidu.location.ai: boolean hd
com.baidu.location.ai: com.baidu.location.ai bA()
com.baidu.location.ai: ai()
com.baidu.location.ai: void bz()
com.baidu.location.ai: void bC()
com.baidu.location.ai: void bB()
com.baidu.location.ai: void for(com.baidu.location.ai)
com.baidu.location.ai: boolean if(com.baidu.location.ai,boolean)
com.baidu.location.ai: boolean do(com.baidu.location.ai)
com.baidu.location.ai: android.os.Handler if(com.baidu.location.ai)
com.baidu.location.ai: void <clinit>()
com.baidu.location.ai$1
com.baidu.location.ai$1: com.baidu.location.ai a
com.baidu.location.ai$1: ai$1(com.baidu.location.ai)
com.baidu.location.ai$1: void run()
com.baidu.location.ai$2
com.baidu.location.ai$2: com.baidu.location.ai a
com.baidu.location.ai$2: ai$2(com.baidu.location.ai)
com.baidu.location.ai$2: void run()
com.baidu.location.aj
com.baidu.location.aj: android.hardware.SensorManager hC
com.baidu.location.aj: boolean hD
com.baidu.location.aj: int hr
com.baidu.location.aj: android.hardware.Sensor ht
com.baidu.location.aj: long hh
com.baidu.location.aj: int hw
com.baidu.location.aj: int hg
com.baidu.location.aj: float hA
com.baidu.location.aj: float hj
com.baidu.location.aj: float hz
com.baidu.location.aj: int hu
com.baidu.location.aj: float[] hi
com.baidu.location.aj: float[] hv
com.baidu.location.aj: int hx
com.baidu.location.aj: double[] hy
com.baidu.location.aj: int hB
com.baidu.location.aj: int he
com.baidu.location.aj: java.util.Timer hq
com.baidu.location.aj: int hs
com.baidu.location.aj: double[] hm
com.baidu.location.aj: int ho
com.baidu.location.aj: double hl
com.baidu.location.aj: int hf
com.baidu.location.aj: long hp
com.baidu.location.aj: int hk
com.baidu.location.aj: android.hardware.SensorEventListener hn
com.baidu.location.aj: aj(android.content.Context)
com.baidu.location.aj: aj(android.content.Context,int)
com.baidu.location.aj: void bH()
com.baidu.location.aj: void bI()
com.baidu.location.aj: void bG()
com.baidu.location.aj: void do(double)
com.baidu.location.aj: boolean if(double)
com.baidu.location.aj: float[] if(float,float,float)
com.baidu.location.aj: double if(double[])
com.baidu.location.aj: void case(int)
com.baidu.location.aj: int bF()
com.baidu.location.aj: int bD()
com.baidu.location.aj: void bE()
com.baidu.location.aj$1
com.baidu.location.aj$1: com.baidu.location.aj a
com.baidu.location.aj$1: aj$1(com.baidu.location.aj)
com.baidu.location.aj$1: void onSensorChanged(android.hardware.SensorEvent)
com.baidu.location.aj$1: void onAccuracyChanged(android.hardware.Sensor,int)
com.baidu.location.aj$2
com.baidu.location.aj$2: com.baidu.location.aj a
com.baidu.location.aj$2: aj$2(com.baidu.location.aj)
com.baidu.location.aj$2: void run()