android-app/customer/ChorHair/proguard/mapping.txt
io.dcloud.adapter.ui.fresh.PullToRefreshBase$SmoothScrollRunnable -> io.dcloud.adapter.ui.fresh.PullToRefreshBase$SmoothScrollRunnable:
    android.view.animation.Interpolator mInterpolator -> mInterpolator
    int mScrollToY -> mScrollToY
    int mScrollFromY -> mScrollFromY
    long mDuration -> mDuration
    boolean mContinueRunning -> mContinueRunning
    long mStartTime -> mStartTime
    int mCurrentY -> mCurrentY
    io.dcloud.adapter.ui.fresh.PullToRefreshBase this$0 -> this$0
    958:991:void run() -> run
    997:999:void stop() -> stop
io.dcloud.adapter.ui.fresh.PullToRefreshWebView -> io.dcloud.adapter.ui.fresh.PullToRefreshWebView:
    28:28:boolean isReadyForPullDown() -> isReadyForPullDown
    36:37:boolean isReadyForPullUp() -> isReadyForPullUp
    42:43:void onScrollChanged(int,int,int,int) -> onScrollChanged
io.dcloud.adapter.util.AndroidResources -> io.dcloud.adapter.util.AndroidResources:
    android.content.res.Resources mResources -> mResources
    android.content.pm.PackageInfo mApplicationInfo -> mApplicationInfo
    android.content.res.AssetManager sAssetMgr -> sAssetMgr
    android.app.Activity sActivity -> sActivity
    java.lang.String packageName -> packageName
    android.view.View sContentView -> sContentView
    boolean sIMEAlive -> sIMEAlive
    boolean splashBacking -> splashBacking
    android.os.Bundle sMetaDatas -> sMetaDatas
    38:50:void initAndroidResources(android.content.Context) -> initAndroidResources
    53:56:void clearData() -> clearData
    60:61:void saveActivity(android.app.Activity) -> saveActivity
    64:64:android.app.Activity getActivity() -> getActivity
    78:87:java.lang.String getMetaValue(java.lang.String) -> getMetaValue
    91:102:void setMetaValue(java.lang.String,java.lang.String) -> setMetaValue
    111:115:int getIdentifier(java.lang.String,java.lang.String) -> getIdentifier
    119:119:android.graphics.Bitmap getBitmap(java.lang.String) -> getBitmap
    132:132:java.lang.String getString(int) -> getString
io.dcloud.adapter.util.AnimOptions -> io.dcloud.adapter.util.AnimOptions:
    java.lang.String TAG -> TAG
    byte OPTION_SHOW -> OPTION_SHOW
    byte OPTION_CLOSE -> OPTION_CLOSE
    byte OPTION_UPDATE -> OPTION_UPDATE
    byte OPTION_HIDE -> OPTION_HIDE
    byte OPTION_HIDE_SHOW -> OPTION_HIDE_SHOW
    java.lang.String TF_LINEAR -> TF_LINEAR
    java.lang.String TF_EASE_IN -> TF_EASE_IN
    java.lang.String TF_EASE_OUT -> TF_EASE_OUT
    java.lang.String TF_EASE_IN_OUT -> TF_EASE_IN_OUT
    java.lang.String ANIM_NONE -> ANIM_NONE
    java.lang.String ANIM_SLIDE_IN_RIGHT -> ANIM_SLIDE_IN_RIGHT
    java.lang.String ANIM_SLIDE_OUT_RIGHT -> ANIM_SLIDE_OUT_RIGHT
    java.lang.String ANIM_SLIDE_IN_LEFT -> ANIM_SLIDE_IN_LEFT
    java.lang.String ANIM_SLIDE_OUT_LEFT -> ANIM_SLIDE_OUT_LEFT
    java.lang.String ANIM_SLIDE_IN_TOP -> ANIM_SLIDE_IN_TOP
    java.lang.String ANIM_SLIDE_OUT_TOP -> ANIM_SLIDE_OUT_TOP
    java.lang.String ANIM_SLIDE_OUT_BOTTOM -> ANIM_SLIDE_OUT_BOTTOM
    java.lang.String ANIM_SLIDE_IN_BOTTOM -> ANIM_SLIDE_IN_BOTTOM
    java.lang.String ANIM_ZOOM_OUT -> ANIM_ZOOM_OUT
    java.lang.String ANIM_ZOOM_IN -> ANIM_ZOOM_IN
    java.lang.String ANIM_ZOOM_FADE_OUT -> ANIM_ZOOM_FADE_OUT
    java.lang.String ANIM_ZOOM_FADE_IN -> ANIM_ZOOM_FADE_IN
    java.lang.String ANIM_FADE_IN -> ANIM_FADE_IN
    java.lang.String ANIM_FADE_OUT -> ANIM_FADE_OUT
    java.lang.String ANIM_FLIP_RX -> ANIM_FLIP_RX
io.dcloud.adapter.util.AnimOptions$AnimMode -> io.dcloud.adapter.util.AnimOptions$AnimMode:
    io.dcloud.adapter.util.AnimOptions$AnimMode CUSTOM -> CUSTOM
    io.dcloud.adapter.util.AnimOptions$AnimMode[] $VALUES -> $VALUES
    368:368:io.dcloud.adapter.util.AnimOptions$AnimMode[] values() -> values
    368:368:io.dcloud.adapter.util.AnimOptions$AnimMode valueOf(java.lang.String) -> valueOf