android-app/customer/ChorHair/proguard/usage.txt
com.google.zxing.qrcode.detector.FinderPatternFinder:
    private static final int CENTER_QUORUM
    protected static final int MIN_SKIP
    protected static final int MAX_MODULES
    private static final int INTEGER_MATH_SHIFT
    59:60:public FinderPatternFinder(com.google.zxing.common.BitMatrix)
    70:70:protected final com.google.zxing.common.BitMatrix getImage()
    74:74:protected final java.util.List getPossibleCenters()
com.google.zxing.qrcode.encoder.BlockPair
com.google.zxing.qrcode.encoder.ByteMatrix
com.google.zxing.qrcode.encoder.Encoder
com.google.zxing.qrcode.encoder.Encoder$1
com.google.zxing.qrcode.encoder.MaskUtil
com.google.zxing.qrcode.encoder.MatrixUtil
com.google.zxing.qrcode.encoder.QRCode
com.motorola.telephony.SecondaryPhoneStateListener
com.motorola.telephony.SecondaryPhoneStateListener$1
com.motorola.telephony.SecondarySmsManager
com.motorola.telephony.SecondaryTelephonyManager
com.nineoldandroids.animation.Animator:
    61:61:public void cancel()
    72:72:public void end()
    public abstract long getStartDelay()
    public abstract void setStartDelay(long)
    public abstract long getDuration()
    public abstract boolean isRunning()
    135:135:public boolean isStarted()
    183:187:public void removeAllListeners()
    217:217:public void setupStartValues()
    229:229:public void setupEndValues()
com.nineoldandroids.animation.Animator$AnimatorListener:
    public abstract void onAnimationCancel(com.nineoldandroids.animation.Animator)
com.nineoldandroids.animation.AnimatorInflater
com.nineoldandroids.animation.AnimatorListenerAdapter:
    31:31:public void onAnimationCancel(com.nineoldandroids.animation.Animator)
com.nineoldandroids.animation.AnimatorSet:
    140:151:public void playTogether(java.util.Collection)
    160:170:public varargs void playSequentially(com.nineoldandroids.animation.Animator[])
    179:189:public void playSequentially(java.util.List)
    200:204:public java.util.ArrayList getChildAnimations()
    284:309:public void cancel()
    319:348:public void end()
    357:362:public boolean isRunning()
    367:367:public boolean isStarted()
    378:378:public long getStartDelay()
    389:390:public void setStartDelay(long)
    402:402:public long getDuration()
    429:432:public void setupStartValues()
    436:439:public void setupEndValues()
com.nineoldandroids.animation.AnimatorSet$1:
    511:512:public void onAnimationCancel(com.nineoldandroids.animation.Animator)
com.nineoldandroids.animation.AnimatorSet$AnimatorSetListener:
    716:728:public void onAnimationCancel(com.nineoldandroids.animation.Animator)
com.nineoldandroids.animation.AnimatorSet$Builder:
    1064:1072:public com.nineoldandroids.animation.AnimatorSet$Builder before(com.nineoldandroids.animation.Animator)
    1084:1092:public com.nineoldandroids.animation.AnimatorSet$Builder after(com.nineoldandroids.animation.Animator)
    1105:1108:public com.nineoldandroids.animation.AnimatorSet$Builder after(long)
com.nineoldandroids.animation.AnimatorSet$Dependency:
    static final int WITH
    static final int AFTER
com.nineoldandroids.animation.AnimatorSet$DependencyListener:
    647:647:public void onAnimationCancel(com.nineoldandroids.animation.Animator)
com.nineoldandroids.animation.ArgbEvaluator
com.nineoldandroids.animation.IntKeyframeSet
com.nineoldandroids.animation.Keyframe:
    77:77:public static com.nineoldandroids.animation.Keyframe ofInt(float,int)
    93:93:public static com.nineoldandroids.animation.Keyframe ofInt(float)
    141:141:public static com.nineoldandroids.animation.Keyframe ofObject(float,java.lang.Object)
    157:157:public static com.nineoldandroids.animation.Keyframe ofObject(float)
    202:203:public void setFraction(float)
    233:233:public java.lang.Class getType()
com.nineoldandroids.animation.Keyframe$IntKeyframe
com.nineoldandroids.animation.Keyframe$ObjectKeyframe